This file contains any messages produced by compilers while
running configure, to aid debugging if configure makes a mistake.

It was created by gkiu configure 2.9.9, which was
generated by GNU Autoconf 2.68.  Invocation command line was

  $ ./configure 

## --------- ##
## Platform. ##
## --------- ##

hostname = laptop.mike
uname -m = x86_64
uname -r = 2.6.38.8-32.fc15.x86_64
uname -s = Linux
uname -v = #1 SMP Mon Jun 13 19:49:05 UTC 2011

/usr/bin/uname -p = unknown
/bin/uname -X     = unknown

/bin/arch              = x86_64
/usr/bin/arch -k       = unknown
/usr/convex/getsysinfo = unknown
/usr/bin/hostinfo      = unknown
/bin/machine           = unknown
/usr/bin/oslevel       = unknown
/bin/universe          = unknown

PATH: /usr/lib64/ccache
PATH: /usr/local/bin
PATH: /usr/bin
PATH: /bin
PATH: /usr/local/sbin
PATH: /usr/sbin
PATH: /sbin
PATH: /home/mike/bin


## ----------- ##
## Core tests. ##
## ----------- ##

configure:2317: checking for a BSD-compatible install
configure:2385: result: /usr/bin/install -c
configure:2396: checking whether build environment is sane
configure:2446: result: yes
configure:2587: checking for a thread-safe mkdir -p
configure:2626: result: /bin/mkdir -p
configure:2639: checking for gawk
configure:2655: found /usr/bin/gawk
configure:2666: result: gawk
configure:2677: checking whether make sets $(MAKE)
configure:2699: result: yes
configure:2782: checking whether to enable maintainer-specific portions of Makefiles
configure:2791: result: no
configure:2855: checking for gcc
configure:2871: found /usr/lib64/ccache/gcc
configure:2882: result: gcc
configure:3111: checking for C compiler version
configure:3120: gcc --version >&5
gcc (GCC) 4.6.0 20110530 (Red Hat 4.6.0-9)
Copyright (C) 2011 Free Software Foundation, Inc.
This is free software; see the source for copying conditions.  There is NO
warranty; not even for MERCHANTABILITY or FITNESS FOR A PARTICULAR PURPOSE.

configure:3131: $? = 0
configure:3120: gcc -v >&5
Using built-in specs.
COLLECT_GCC=/usr/bin/gcc
COLLECT_LTO_WRAPPER=/usr/libexec/gcc/x86_64-redhat-linux/4.6.0/lto-wrapper
Target: x86_64-redhat-linux
Configured with: ../configure --prefix=/usr --mandir=/usr/share/man --infodir=/usr/share/info --with-bugurl=http://bugzilla.redhat.com/bugzilla --enable-bootstrap --enable-shared --enable-threads=posix --enable-checking=release --with-system-zlib --enable-__cxa_atexit --disable-libunwind-exceptions --enable-gnu-unique-object --enable-linker-build-id --enable-languages=c,c++,objc,obj-c++,java,fortran,ada,go,lto --enable-plugin --enable-java-awt=gtk --disable-dssi --with-java-home=/usr/lib/jvm/java-1.5.0-gcj-1.5.0.0/jre --enable-libgcj-multifile --enable-java-maintainer-mode --with-ecj-jar=/usr/share/java/eclipse-ecj.jar --disable-libjava-multilib --with-ppl --with-cloog --with-tune=generic --with-arch_32=i686 --build=x86_64-redhat-linux
Thread model: posix
gcc version 4.6.0 20110530 (Red Hat 4.6.0-9) (GCC) 
configure:3131: $? = 0
configure:3120: gcc -V >&5
gcc: error: unrecognized option '-V'
gcc: fatal error: no input files
compilation terminated.
configure:3131: $? = 4
configure:3120: gcc -qversion >&5
gcc: error: unrecognized option '-qversion'
gcc: fatal error: no input files
compilation terminated.
configure:3131: $? = 4
configure:3151: checking whether the C compiler works
configure:3173: gcc    conftest.c  >&5
configure:3177: $? = 0
configure:3225: result: yes
configure:3228: checking for C compiler default output file name
configure:3230: result: a.out
configure:3236: checking for suffix of executables
configure:3243: gcc -o conftest    conftest.c  >&5
configure:3247: $? = 0
configure:3269: result: 
configure:3291: checking whether we are cross compiling
configure:3299: gcc -o conftest    conftest.c  >&5
configure:3303: $? = 0
configure:3310: ./conftest
configure:3314: $? = 0
configure:3329: result: no
configure:3334: checking for suffix of object files
configure:3356: gcc -c   conftest.c >&5
configure:3360: $? = 0
configure:3381: result: o
configure:3385: checking whether we are using the GNU C compiler
configure:3404: gcc -c   conftest.c >&5
configure:3404: $? = 0
configure:3413: result: yes
configure:3422: checking whether gcc accepts -g
configure:3442: gcc -c -g  conftest.c >&5
configure:3442: $? = 0
configure:3483: result: yes
configure:3500: checking for gcc option to accept ISO C89
configure:3564: gcc  -c -g -O2  conftest.c >&5
configure:3564: $? = 0
configure:3577: result: none needed
configure:3608: checking for style of include used by make
configure:3636: result: GNU
configure:3661: checking dependency style of gcc
configure:3771: result: gcc3
configure:3846: checking for a Python interpreter with version >= 2.5.2
configure:3863: python -c import sys # split strings by '.' and convert to numeric. Append some zeros # because we need at least 4 digits for the hex conversion. # map returns an iterator in Python 3.0 and a list in 2.x minver = list(map(int, '2.5.2'.split('.'))) + [0, 0, 0] minverhex = 0 # xrange is not present in Python 3.0 and range returns an iterator for i in list(range(0, 4)): minverhex = (minverhex << 8) + minver[i] sys.exit(sys.hexversion < minverhex)
configure:3866: $? = 0
configure:3872: result: python
configure:3880: checking for python
configure:3898: found /usr/bin/python
configure:3910: result: /usr/bin/python
configure:3928: checking for python version
configure:3935: result: 2.7
configure:3947: checking for python platform
configure:3954: result: linux2
configure:3961: checking for python script directory
configure:3990: result: ${prefix}/lib/python2.7/site-packages
configure:3999: checking for python extension module directory
configure:4028: result: ${exec_prefix}/lib64/python2.7/site-packages
configure:4057: checking how to run the C preprocessor
configure:4088: gcc -E  conftest.c
configure:4088: $? = 0
configure:4102: gcc -E  conftest.c
conftest.c:12:28: fatal error: ac_nonexistent.h: No such file or directory
compilation terminated.
configure:4102: $? = 1
configure: failed program was:
| /* confdefs.h */
| #define PACKAGE_NAME "gkiu"
| #define PACKAGE_TARNAME "gkiu"
| #define PACKAGE_VERSION "2.9.9"
| #define PACKAGE_STRING "gkiu 2.9.9"
| #define PACKAGE_BUGREPORT ""
| #define PACKAGE_URL ""
| #define PACKAGE "gkiu"
| #define VERSION "2.9.9"
| #define GETTEXT_PACKAGE "gkiu"
| /* end confdefs.h.  */
| #include <ac_nonexistent.h>
configure:4127: result: gcc -E
configure:4147: gcc -E  conftest.c
configure:4147: $? = 0
configure:4161: gcc -E  conftest.c
conftest.c:12:28: fatal error: ac_nonexistent.h: No such file or directory
compilation terminated.
configure:4161: $? = 1
configure: failed program was:
| /* confdefs.h */
| #define PACKAGE_NAME "gkiu"
| #define PACKAGE_TARNAME "gkiu"
| #define PACKAGE_VERSION "2.9.9"
| #define PACKAGE_STRING "gkiu 2.9.9"
| #define PACKAGE_BUGREPORT ""
| #define PACKAGE_URL ""
| #define PACKAGE "gkiu"
| #define VERSION "2.9.9"
| #define GETTEXT_PACKAGE "gkiu"
| /* end confdefs.h.  */
| #include <ac_nonexistent.h>
configure:4190: checking for grep that handles long lines and -e
configure:4248: result: /bin/grep
configure:4253: checking for egrep
configure:4315: result: /bin/grep -E
configure:4320: checking for ANSI C header files
configure:4340: gcc -c -g -O2  conftest.c >&5
configure:4340: $? = 0
configure:4413: gcc -o conftest -g -O2   conftest.c  >&5
configure:4413: $? = 0
configure:4413: ./conftest
configure:4413: $? = 0
configure:4424: result: yes
configure:4437: checking for sys/types.h
configure:4437: gcc -c -g -O2  conftest.c >&5
configure:4437: $? = 0
configure:4437: result: yes
configure:4437: checking for sys/stat.h
configure:4437: gcc -c -g -O2  conftest.c >&5
configure:4437: $? = 0
configure:4437: result: yes
configure:4437: checking for stdlib.h
configure:4437: gcc -c -g -O2  conftest.c >&5
configure:4437: $? = 0
configure:4437: result: yes
configure:4437: checking for string.h
configure:4437: gcc -c -g -O2  conftest.c >&5
configure:4437: $? = 0
configure:4437: result: yes
configure:4437: checking for memory.h
configure:4437: gcc -c -g -O2  conftest.c >&5
configure:4437: $? = 0
configure:4437: result: yes
configure:4437: checking for strings.h
configure:4437: gcc -c -g -O2  conftest.c >&5
configure:4437: $? = 0
configure:4437: result: yes
configure:4437: checking for inttypes.h
configure:4437: gcc -c -g -O2  conftest.c >&5
configure:4437: $? = 0
configure:4437: result: yes
configure:4437: checking for stdint.h
configure:4437: gcc -c -g -O2  conftest.c >&5
configure:4437: $? = 0
configure:4437: result: yes
configure:4437: checking for unistd.h
configure:4437: gcc -c -g -O2  conftest.c >&5
configure:4437: $? = 0
configure:4437: result: yes
configure:4452: checking locale.h usability
configure:4452: gcc -c -g -O2  conftest.c >&5
configure:4452: $? = 0
configure:4452: result: yes
configure:4452: checking locale.h presence
configure:4452: gcc -E  conftest.c
configure:4452: $? = 0
configure:4452: result: yes
configure:4452: checking for locale.h
configure:4452: result: yes
configure:4463: checking for LC_MESSAGES
configure:4479: gcc -o conftest -g -O2   conftest.c  >&5
configure:4479: $? = 0
configure:4487: result: yes
configure:4504: checking libintl.h usability
configure:4504: gcc -c -g -O2  conftest.c >&5
configure:4504: $? = 0
configure:4504: result: yes
configure:4504: checking libintl.h presence
configure:4504: gcc -E  conftest.c
configure:4504: $? = 0
configure:4504: result: yes
configure:4504: checking for libintl.h
configure:4504: result: yes
configure:4512: checking for ngettext in libc
configure:4530: gcc -o conftest -g -O2   conftest.c  >&5
configure:4530: $? = 0
configure:4539: result: yes
configure:4543: checking for dgettext in libc
configure:4561: gcc -o conftest -g -O2   conftest.c  >&5
configure:4561: $? = 0
configure:4570: result: yes
configure:4577: checking for bind_textdomain_codeset
configure:4577: gcc -o conftest -g -O2   conftest.c  >&5
configure:4577: $? = 0
configure:4577: result: yes
configure:4853: checking for msgfmt
configure:4880: result: /usr/bin/msgfmt
configure:4891: checking for dcgettext
configure:4891: gcc -o conftest -g -O2   conftest.c   >&5
conftest.c:49:6: warning: conflicting types for built-in function 'dcgettext' [enabled by default]
configure:4891: $? = 0
configure:4891: result: yes
configure:4901: checking if msgfmt accepts -c
configure:4916: $MSGFMT -c -o /dev/null conftest.foo
configure:4919: $? = 0
configure:4921: result: yes
configure:4931: checking for gmsgfmt
configure:4962: result: /usr/bin/msgfmt
configure:4972: checking for xgettext
configure:4999: result: /usr/bin/xgettext
configure:5018: gcc -o conftest -g -O2   conftest.c   >&5
configure:5018: $? = 0
configure:5154: checking whether NLS is requested
configure:5163: result: yes
configure:5178: checking for intltool >= 0.35.0
configure:5185: result: 0.41.1 found
configure:5193: checking for intltool-update
configure:5211: found /usr/bin/intltool-update
configure:5223: result: /usr/bin/intltool-update
configure:5233: checking for intltool-merge
configure:5251: found /usr/bin/intltool-merge
configure:5263: result: /usr/bin/intltool-merge
configure:5273: checking for intltool-extract
configure:5291: found /usr/bin/intltool-extract
configure:5303: result: /usr/bin/intltool-extract
configure:5434: checking for xgettext
configure:5464: result: /usr/bin/xgettext
configure:5474: checking for msgmerge
configure:5492: found /usr/bin/msgmerge
configure:5504: result: /usr/bin/msgmerge
configure:5514: checking for msgfmt
configure:5544: result: /usr/bin/msgfmt
configure:5554: checking for gmsgfmt
configure:5585: result: /usr/bin/msgfmt
configure:5605: checking for perl
configure:5623: found /usr/bin/perl
configure:5635: result: /usr/bin/perl
configure:5646: checking for perl >= 5.8.1
configure:5653: result: 5.12.4
configure:5657: checking for XML::Parser
configure:5660: result: ok
configure:5741: checking build system type
configure:5755: result: x86_64-unknown-linux-gnu
configure:5775: checking host system type
configure:5788: result: x86_64-unknown-linux-gnu
configure:5829: checking how to print strings
configure:5856: result: printf
configure:5877: checking for a sed that does not truncate output
configure:5941: result: /bin/sed
configure:5959: checking for fgrep
configure:6021: result: /bin/grep -F
configure:6056: checking for ld used by gcc
configure:6123: result: /usr/bin/ld
configure:6130: checking if the linker (/usr/bin/ld) is GNU ld
configure:6145: result: yes
configure:6157: checking for BSD- or MS-compatible name lister (nm)
configure:6206: result: /usr/bin/nm -B
configure:6336: checking the name lister (/usr/bin/nm -B) interface
configure:6343: gcc -c -g -O2  conftest.c >&5
configure:6346: /usr/bin/nm -B "conftest.o"
configure:6349: output
0000000000000000 B some_variable
configure:6356: result: BSD nm
configure:6359: checking whether ln -s works
configure:6363: result: yes
configure:6371: checking the maximum length of command line arguments
configure:6496: result: 1572864
configure:6513: checking whether the shell understands some XSI constructs
configure:6523: result: yes
configure:6527: checking whether the shell understands "+="
configure:6533: result: yes
configure:6568: checking how to convert x86_64-unknown-linux-gnu file names to x86_64-unknown-linux-gnu format
configure:6608: result: func_convert_file_noop
configure:6615: checking how to convert x86_64-unknown-linux-gnu file names to toolchain format
configure:6635: result: func_convert_file_noop
configure:6642: checking for /usr/bin/ld option to reload object files
configure:6649: result: -r
configure:6723: checking for objdump
configure:6739: found /usr/bin/objdump
configure:6750: result: objdump
configure:6782: checking how to recognize dependent libraries
configure:6984: result: pass_all
configure:7069: checking for dlltool
configure:7099: result: no
configure:7129: checking how to associate runtime and link libraries
configure:7156: result: printf %s\n
configure:7216: checking for ar
configure:7232: found /usr/bin/ar
configure:7243: result: ar
configure:7280: checking for archiver @FILE support
configure:7297: gcc -c -g -O2  conftest.c >&5
configure:7297: $? = 0
configure:7300: ar cru libconftest.a @conftest.lst >&5
configure:7303: $? = 0
configure:7308: ar cru libconftest.a @conftest.lst >&5
ar: conftest.o: No such file or directory
configure:7311: $? = 1
configure:7323: result: @
configure:7381: checking for strip
configure:7397: found /usr/bin/strip
configure:7408: result: strip
configure:7480: checking for ranlib
configure:7496: found /usr/bin/ranlib
configure:7507: result: ranlib
configure:7609: checking command to parse /usr/bin/nm -B output from gcc object
configure:7728: gcc -c -g -O2  conftest.c >&5
configure:7731: $? = 0
configure:7735: /usr/bin/nm -B conftest.o \| sed -n -e 's/^.*[ ]\([ABCDGIRSTW][ABCDGIRSTW]*\)[ ][ ]*\([_A-Za-z][_A-Za-z0-9]*\)$/\1 \2 \2/p' | sed '/ __gnu_lto/d' \> conftest.nm
configure:7738: $? = 0
configure:7804: gcc -o conftest -g -O2   conftest.c conftstm.o >&5
configure:7807: $? = 0
configure:7845: result: ok
configure:7882: checking for sysroot
configure:7912: result: no
configure:7989: gcc -c -g -O2  conftest.c >&5
configure:7992: $? = 0
configure:8155: checking for mt
configure:8185: result: no
configure:8205: checking if : is a manifest tool
configure:8211: : '-?'
configure:8219: result: no
configure:8848: checking for dlfcn.h
configure:8848: gcc -c -g -O2  conftest.c >&5
configure:8848: $? = 0
configure:8848: result: yes
configure:9035: checking for objdir
configure:9050: result: .libs
configure:9317: checking if gcc supports -fno-rtti -fno-exceptions
configure:9335: gcc -c -g -O2  -fno-rtti -fno-exceptions conftest.c >&5
cc1: warning: command line option '-fno-rtti' is valid for C++/ObjC++ but not for C [enabled by default]
cc1: warning: command line option '-fno-rtti' is valid for C++/ObjC++ but not for C [enabled by default]
configure:9339: $? = 0
configure:9352: result: no
configure:9662: checking for gcc option to produce PIC
configure:9669: result: -fPIC -DPIC
configure:9677: checking if gcc PIC flag -fPIC -DPIC works
configure:9695: gcc -c -g -O2  -fPIC -DPIC -DPIC conftest.c >&5
configure:9699: $? = 0
configure:9712: result: yes
configure:9741: checking if gcc static flag -static works
configure:9769: result: no
configure:9784: checking if gcc supports -c -o file.o
configure:9805: gcc -c -g -O2  -o out/conftest2.o conftest.c >&5
configure:9809: $? = 0
configure:9831: result: yes
configure:9839: checking if gcc supports -c -o file.o
configure:9886: result: yes
configure:9919: checking whether the gcc linker (/usr/bin/ld -m elf_x86_64) supports shared libraries
configure:11077: result: yes
configure:11114: checking whether -lc should be explicitly linked in
configure:11122: gcc -c -g -O2  conftest.c >&5
configure:11125: $? = 0
configure:11140: gcc -shared  -fPIC -DPIC conftest.o  -v -Wl,-soname -Wl,conftest -o conftest 2\>\&1 \| /bin/grep  -lc  \>/dev/null 2\>\&1
configure:11143: $? = 0
configure:11157: result: no
configure:11322: checking dynamic linker characteristics
configure:11836: gcc -o conftest -g -O2   -Wl,-rpath -Wl,/foo conftest.c  >&5
configure:11836: $? = 0
configure:12062: result: GNU/Linux ld.so
configure:12169: checking how to hardcode library paths into programs
configure:12194: result: immediate
configure:12734: checking whether stripping libraries is possible
configure:12739: result: yes
configure:12774: checking if libtool supports shared libraries
configure:12776: result: yes
configure:12779: checking whether to build shared libraries
configure:12800: result: yes
configure:12803: checking whether to build static libraries
configure:12807: result: yes
configure:12896: checking for pkg-config
configure:12914: found /usr/bin/pkg-config
configure:12926: result: /usr/bin/pkg-config
configure:12951: checking pkg-config is at least version 0.9.0
configure:12954: result: yes
configure:12964: checking for GKIU
configure:12977: $PKG_CONFIG --exists --print-errors "
gio-2.0 \
gtk+-3.0 \
libpeas-gtk-1.0 \
libpeas-1.0 \
libnotify >= 0.7.0 \
gnome-keyring-1"
configure:12986: $? = 0
configure:13011: $PKG_CONFIG --exists --print-errors "
gio-2.0 \
gtk+-3.0 \
libpeas-gtk-1.0 \
libpeas-1.0 \
libnotify >= 0.7.0 \
gnome-keyring-1"
configure:13020: $? = 0
configure:13103: result: yes
configure:13249: creating ./config.status

## ---------------------- ##
## Running config.status. ##
## ---------------------- ##

This file was extended by gkiu config.status 2.9.9, which was
generated by GNU Autoconf 2.68.  Invocation command line was

  CONFIG_FILES    = 
  CONFIG_HEADERS  = 
  CONFIG_LINKS    = 
  CONFIG_COMMANDS = 
  $ ./config.status 

on laptop.mike

config.status:1195: creating Makefile
config.status:1195: creating src/Makefile
config.status:1195: creating m4/Makefile
config.status:1195: creating po/Makefile.in
config.status:1195: creating data/Makefile
config.status:1195: creating modules/Makefile
config.status:1195: creating modules/keyring/Makefile
config.status:1195: creating modules/iMode/Makefile
config.status:1195: creating modules/imui/Makefile
config.status:1195: creating config.h
config.status:1376: config.h is unchanged
config.status:1424: executing depfiles commands
config.status:1424: executing default-1 commands
config.status:1424: executing libtool commands
config.status:1424: executing po/stamp-it commands

## ---------------- ##
## Cache variables. ##
## ---------------- ##

ac_cv_build=x86_64-unknown-linux-gnu
ac_cv_c_compiler_gnu=yes
ac_cv_env_CC_set=
ac_cv_env_CC_value=
ac_cv_env_CFLAGS_set=
ac_cv_env_CFLAGS_value=
ac_cv_env_CPPFLAGS_set=
ac_cv_env_CPPFLAGS_value=
ac_cv_env_CPP_set=
ac_cv_env_CPP_value=
ac_cv_env_GKIU_CFLAGS_set=
ac_cv_env_GKIU_CFLAGS_value=
ac_cv_env_GKIU_LIBS_set=
ac_cv_env_GKIU_LIBS_value=
ac_cv_env_LDFLAGS_set=
ac_cv_env_LDFLAGS_value=
ac_cv_env_LIBS_set=
ac_cv_env_LIBS_value=
ac_cv_env_PKG_CONFIG_LIBDIR_set=
ac_cv_env_PKG_CONFIG_LIBDIR_value=
ac_cv_env_PKG_CONFIG_PATH_set=
ac_cv_env_PKG_CONFIG_PATH_value=
ac_cv_env_PKG_CONFIG_set=
ac_cv_env_PKG_CONFIG_value=
ac_cv_env_build_alias_set=
ac_cv_env_build_alias_value=
ac_cv_env_host_alias_set=
ac_cv_env_host_alias_value=
ac_cv_env_target_alias_set=
ac_cv_env_target_alias_value=
ac_cv_func_bind_textdomain_codeset=yes
ac_cv_func_dcgettext=yes
ac_cv_header_dlfcn_h=yes
ac_cv_header_inttypes_h=yes
ac_cv_header_libintl_h=yes
ac_cv_header_locale_h=yes
ac_cv_header_memory_h=yes
ac_cv_header_stdc=yes
ac_cv_header_stdint_h=yes
ac_cv_header_stdlib_h=yes
ac_cv_header_string_h=yes
ac_cv_header_strings_h=yes
ac_cv_header_sys_stat_h=yes
ac_cv_header_sys_types_h=yes
ac_cv_header_unistd_h=yes
ac_cv_host=x86_64-unknown-linux-gnu
ac_cv_objext=o
ac_cv_path_EGREP='/bin/grep -E'
ac_cv_path_FGREP='/bin/grep -F'
ac_cv_path_GMSGFMT=/usr/bin/msgfmt
ac_cv_path_GREP=/bin/grep
ac_cv_path_INTLTOOL_EXTRACT=/usr/bin/intltool-extract
ac_cv_path_INTLTOOL_MERGE=/usr/bin/intltool-merge
ac_cv_path_INTLTOOL_PERL=/usr/bin/perl
ac_cv_path_INTLTOOL_UPDATE=/usr/bin/intltool-update
ac_cv_path_MSGFMT=/usr/bin/msgfmt
ac_cv_path_MSGMERGE=/usr/bin/msgmerge
ac_cv_path_PYTHON=/usr/bin/python
ac_cv_path_SED=/bin/sed
ac_cv_path_XGETTEXT=/usr/bin/xgettext
ac_cv_path_ac_pt_PKG_CONFIG=/usr/bin/pkg-config
ac_cv_path_install='/usr/bin/install -c'
ac_cv_path_mkdir=/bin/mkdir
ac_cv_prog_AWK=gawk
ac_cv_prog_CPP='gcc -E'
ac_cv_prog_ac_ct_AR=ar
ac_cv_prog_ac_ct_CC=gcc
ac_cv_prog_ac_ct_OBJDUMP=objdump
ac_cv_prog_ac_ct_RANLIB=ranlib
ac_cv_prog_ac_ct_STRIP=strip
ac_cv_prog_cc_c89=
ac_cv_prog_cc_g=yes
ac_cv_prog_make_make_set=yes
am_cv_CC_dependencies_compiler_type=gcc3
am_cv_pathless_PYTHON=python
am_cv_python_platform=linux2
am_cv_python_pyexecdir='${exec_prefix}/lib64/python2.7/site-packages'
am_cv_python_pythondir='${prefix}/lib/python2.7/site-packages'
am_cv_python_version=2.7
am_cv_val_LC_MESSAGES=yes
gt_cv_func_dgettext_libc=yes
gt_cv_func_dgettext_libintl=no
gt_cv_func_ngettext_libc=yes
gt_cv_have_gettext=yes
lt_cv_ar_at_file=@
lt_cv_archive_cmds_need_lc=no
lt_cv_deplibs_check_method=pass_all
lt_cv_file_magic_cmd='$MAGIC_CMD'
lt_cv_file_magic_test_file=
lt_cv_ld_reload_flag=-r
lt_cv_nm_interface='BSD nm'
lt_cv_objdir=.libs
lt_cv_path_LD=/usr/bin/ld
lt_cv_path_NM='/usr/bin/nm -B'
lt_cv_path_mainfest_tool=no
lt_cv_prog_compiler_c_o=yes
lt_cv_prog_compiler_pic='-fPIC -DPIC'
lt_cv_prog_compiler_pic_works=yes
lt_cv_prog_compiler_rtti_exceptions=no
lt_cv_prog_compiler_static_works=no
lt_cv_prog_gnu_ld=yes
lt_cv_sharedlib_from_linklib_cmd='printf %s\n'
lt_cv_shlibpath_overrides_runpath=no
lt_cv_sys_global_symbol_pipe='sed -n -e '\''s/^.*[	 ]\([ABCDGIRSTW][ABCDGIRSTW]*\)[	 ][	 ]*\([_A-Za-z][_A-Za-z0-9]*\)$/\1 \2 \2/p'\'' | sed '\''/ __gnu_lto/d'\'''
lt_cv_sys_global_symbol_to_c_name_address='sed -n -e '\''s/^: \([^ ]*\)[ ]*$/  {\"\1\", (void *) 0},/p'\'' -e '\''s/^[ABCDGIRSTW]* \([^ ]*\) \([^ ]*\)$/  {"\2", (void *) \&\2},/p'\'''
lt_cv_sys_global_symbol_to_c_name_address_lib_prefix='sed -n -e '\''s/^: \([^ ]*\)[ ]*$/  {\"\1\", (void *) 0},/p'\'' -e '\''s/^[ABCDGIRSTW]* \([^ ]*\) \(lib[^ ]*\)$/  {"\2", (void *) \&\2},/p'\'' -e '\''s/^[ABCDGIRSTW]* \([^ ]*\) \([^ ]*\)$/  {"lib\2", (void *) \&\2},/p'\'''
lt_cv_sys_global_symbol_to_cdecl='sed -n -e '\''s/^T .* \(.*\)$/extern int \1();/p'\'' -e '\''s/^[ABCDGIRSTW]* .* \(.*\)$/extern char \1;/p'\'''
lt_cv_sys_max_cmd_len=1572864
lt_cv_to_host_file_cmd=func_convert_file_noop
lt_cv_to_tool_file_cmd=func_convert_file_noop
pkg_cv_GKIU_CFLAGS='-pthread -DGSEAL_ENABLE -I/usr/include/glib-2.0 -I/usr/lib64/glib-2.0/include -I/usr/include/gtk-3.0 -I/usr/include/atk-1.0 -I/usr/include/cairo -I/usr/include/gdk-pixbuf-2.0 -I/usr/include/pango-1.0 -I/usr/include/pixman-1 -I/usr/include/freetype2 -I/usr/include/libpng12 -I/usr/include/libpeas-1.0 -I/usr/include/gobject-introspection-1.0 -I/usr/lib64/libffi-3.0.9/include -I/usr/include/gnome-keyring-1  '
pkg_cv_GKIU_LIBS='-pthread -Wl,--export-dynamic -lpeas-gtk-1.0 -lgtk-3 -lgdk-3 -latk-1.0 -lpangoft2-1.0 -lpangocairo-1.0 -lcairo-gobject -lcairo -lpango-1.0 -lfreetype -lfontconfig -lpeas-1.0 -lgirepository-1.0 -lffi -lnotify -lgdk_pixbuf-2.0 -lpng12 -lm -lgio-2.0 -lgobject-2.0 -lgmodule-2.0 -lgthread-2.0 -lrt -lgnome-keyring -lglib-2.0  '

## ----------------- ##
## Output variables. ##
## ----------------- ##

ACLOCAL='${SHELL} /home/mike/prj/gkiu/missing --run aclocal-1.11'
ALL_LINGUAS=''
AMDEPBACKSLASH='\'
AMDEP_FALSE='#'
AMDEP_TRUE=''
AMTAR='${SHELL} /home/mike/prj/gkiu/missing --run tar'
AM_BACKSLASH='\'
AM_DEFAULT_VERBOSITY='0'
AR='ar'
AUTOCONF='${SHELL} /home/mike/prj/gkiu/missing --run autoconf'
AUTOHEADER='${SHELL} /home/mike/prj/gkiu/missing --run autoheader'
AUTOMAKE='${SHELL} /home/mike/prj/gkiu/missing --run automake-1.11'
AWK='gawk'
CATALOGS=''
CATOBJEXT='.gmo'
CC='gcc'
CCDEPMODE='depmode=gcc3'
CFLAGS='-g -O2'
CPP='gcc -E'
CPPFLAGS=''
CYGPATH_W='echo'
DATADIRNAME='share'
DEFS='-DHAVE_CONFIG_H'
DEPDIR='.deps'
DLLTOOL='false'
DSYMUTIL=''
DUMPBIN=''
ECHO_C=''
ECHO_N='-n'
ECHO_T=''
EGREP='/bin/grep -E'
EXEEXT=''
FGREP='/bin/grep -F'
GETTEXT_PACKAGE='gkiu'
GKIU_CFLAGS='-pthread -DGSEAL_ENABLE -I/usr/include/glib-2.0 -I/usr/lib64/glib-2.0/include -I/usr/include/gtk-3.0 -I/usr/include/atk-1.0 -I/usr/include/cairo -I/usr/include/gdk-pixbuf-2.0 -I/usr/include/pango-1.0 -I/usr/include/pixman-1 -I/usr/include/freetype2 -I/usr/include/libpng12 -I/usr/include/libpeas-1.0 -I/usr/include/gobject-introspection-1.0 -I/usr/lib64/libffi-3.0.9/include -I/usr/include/gnome-keyring-1  '
GKIU_LIBS='-pthread -Wl,--export-dynamic -lpeas-gtk-1.0 -lgtk-3 -lgdk-3 -latk-1.0 -lpangoft2-1.0 -lpangocairo-1.0 -lcairo-gobject -lcairo -lpango-1.0 -lfreetype -lfontconfig -lpeas-1.0 -lgirepository-1.0 -lffi -lnotify -lgdk_pixbuf-2.0 -lpng12 -lm -lgio-2.0 -lgobject-2.0 -lgmodule-2.0 -lgthread-2.0 -lrt -lgnome-keyring -lglib-2.0  '
GMOFILES=''
GMSGFMT='/usr/bin/msgfmt'
GREP='/bin/grep'
INSTALL_DATA='${INSTALL} -m 644'
INSTALL_PROGRAM='${INSTALL}'
INSTALL_SCRIPT='${INSTALL}'
INSTALL_STRIP_PROGRAM='$(install_sh) -c -s'
INSTOBJEXT='.mo'
INTLLIBS=''
INTLTOOL_CAVES_RULE='%.caves:     %.caves.in     $(INTLTOOL_MERGE) $(wildcard $(top_srcdir)/po/*.po) ; LC_ALL=C $(INTLTOOL_MERGE) -d -u -c $(top_builddir)/po/.intltool-merge-cache $(top_srcdir)/po $< $@'
INTLTOOL_DESKTOP_RULE='%.desktop:   %.desktop.in   $(INTLTOOL_MERGE) $(wildcard $(top_srcdir)/po/*.po) ; LC_ALL=C $(INTLTOOL_MERGE) -d -u -c $(top_builddir)/po/.intltool-merge-cache $(top_srcdir)/po $< $@'
INTLTOOL_DIRECTORY_RULE='%.directory: %.directory.in $(INTLTOOL_MERGE) $(wildcard $(top_srcdir)/po/*.po) ; LC_ALL=C $(INTLTOOL_MERGE) -d -u -c $(top_builddir)/po/.intltool-merge-cache $(top_srcdir)/po $< $@'
INTLTOOL_EXTRACT='/usr/bin/intltool-extract'
INTLTOOL_KBD_RULE='%.kbd:       %.kbd.in       $(INTLTOOL_MERGE) $(wildcard $(top_srcdir)/po/*.po) ; LC_ALL=C $(INTLTOOL_MERGE) -x -u -m -c $(top_builddir)/po/.intltool-merge-cache $(top_srcdir)/po $< $@'
INTLTOOL_KEYS_RULE='%.keys:      %.keys.in      $(INTLTOOL_MERGE) $(wildcard $(top_srcdir)/po/*.po) ; LC_ALL=C $(INTLTOOL_MERGE) -k -u -c $(top_builddir)/po/.intltool-merge-cache $(top_srcdir)/po $< $@'
INTLTOOL_MERGE='/usr/bin/intltool-merge'
INTLTOOL_OAF_RULE='%.oaf:       %.oaf.in       $(INTLTOOL_MERGE) $(wildcard $(top_srcdir)/po/*.po) ; LC_ALL=C $(INTLTOOL_MERGE) -o -p $(top_srcdir)/po $< $@'
INTLTOOL_PERL='/usr/bin/perl'
INTLTOOL_POLICY_RULE='%.policy:    %.policy.in    $(INTLTOOL_MERGE) $(wildcard $(top_srcdir)/po/*.po) ; LC_ALL=C $(INTLTOOL_MERGE) -x -u -c $(top_builddir)/po/.intltool-merge-cache $(top_srcdir)/po $< $@'
INTLTOOL_PONG_RULE='%.pong:      %.pong.in      $(INTLTOOL_MERGE) $(wildcard $(top_srcdir)/po/*.po) ; LC_ALL=C $(INTLTOOL_MERGE) -x -u -c $(top_builddir)/po/.intltool-merge-cache $(top_srcdir)/po $< $@'
INTLTOOL_PROP_RULE='%.prop:      %.prop.in      $(INTLTOOL_MERGE) $(wildcard $(top_srcdir)/po/*.po) ; LC_ALL=C $(INTLTOOL_MERGE) -d -u -c $(top_builddir)/po/.intltool-merge-cache $(top_srcdir)/po $< $@'
INTLTOOL_SCHEMAS_RULE='%.schemas:   %.schemas.in   $(INTLTOOL_MERGE) $(wildcard $(top_srcdir)/po/*.po) ; LC_ALL=C $(INTLTOOL_MERGE) -s -u -c $(top_builddir)/po/.intltool-merge-cache $(top_srcdir)/po $< $@'
INTLTOOL_SERVER_RULE='%.server:    %.server.in    $(INTLTOOL_MERGE) $(wildcard $(top_srcdir)/po/*.po) ; LC_ALL=C $(INTLTOOL_MERGE) -o -u -c $(top_builddir)/po/.intltool-merge-cache $(top_srcdir)/po $< $@'
INTLTOOL_SERVICE_RULE='%.service: %.service.in   $(INTLTOOL_MERGE) $(wildcard $(top_srcdir)/po/*.po) ; LC_ALL=C $(INTLTOOL_MERGE) -d -u -c $(top_builddir)/po/.intltool-merge-cache $(top_srcdir)/po $< $@'
INTLTOOL_SHEET_RULE='%.sheet:     %.sheet.in     $(INTLTOOL_MERGE) $(wildcard $(top_srcdir)/po/*.po) ; LC_ALL=C $(INTLTOOL_MERGE) -x -u -c $(top_builddir)/po/.intltool-merge-cache $(top_srcdir)/po $< $@'
INTLTOOL_SOUNDLIST_RULE='%.soundlist: %.soundlist.in $(INTLTOOL_MERGE) $(wildcard $(top_srcdir)/po/*.po) ; LC_ALL=C $(INTLTOOL_MERGE) -d -u -c $(top_builddir)/po/.intltool-merge-cache $(top_srcdir)/po $< $@'
INTLTOOL_THEME_RULE='%.theme:     %.theme.in     $(INTLTOOL_MERGE) $(wildcard $(top_srcdir)/po/*.po) ; LC_ALL=C $(INTLTOOL_MERGE) -d -u -c $(top_builddir)/po/.intltool-merge-cache $(top_srcdir)/po $< $@'
INTLTOOL_UI_RULE='%.ui:        %.ui.in        $(INTLTOOL_MERGE) $(wildcard $(top_srcdir)/po/*.po) ; LC_ALL=C $(INTLTOOL_MERGE) -x -u -c $(top_builddir)/po/.intltool-merge-cache $(top_srcdir)/po $< $@'
INTLTOOL_UPDATE='/usr/bin/intltool-update'
INTLTOOL_XAM_RULE='%.xam:       %.xml.in       $(INTLTOOL_MERGE) $(wildcard $(top_srcdir)/po/*.po) ; LC_ALL=C $(INTLTOOL_MERGE) -x -u -c $(top_builddir)/po/.intltool-merge-cache $(top_srcdir)/po $< $@'
INTLTOOL_XML_NOMERGE_RULE='%.xml:       %.xml.in       $(INTLTOOL_MERGE) ; LC_ALL=C $(INTLTOOL_MERGE) -x -u /tmp $< $@'
INTLTOOL_XML_RULE='%.xml:       %.xml.in       $(INTLTOOL_MERGE) $(wildcard $(top_srcdir)/po/*.po) ; LC_ALL=C $(INTLTOOL_MERGE) -x -u -c $(top_builddir)/po/.intltool-merge-cache $(top_srcdir)/po $< $@'
INTROSPECTION_CFLAGS='-pthread -I/usr/include/gobject-introspection-1.0 -I/usr/include/glib-2.0 -I/usr/lib64/glib-2.0/include -I/usr/lib64/libffi-3.0.9/include  '
INTROSPECTION_COMPILER='/usr/bin/g-ir-compiler'
INTROSPECTION_GENERATE='/usr/bin/g-ir-generate'
INTROSPECTION_GIRDIR='/usr/share/gir-1.0'
INTROSPECTION_LIBS='-Wl,--export-dynamic -pthread -lgirepository-1.0 -lgobject-2.0 -lgmodule-2.0 -lffi -lgthread-2.0 -lrt -lglib-2.0  '
INTROSPECTION_MAKEFILE='/usr/share/gobject-introspection-1.0/Makefile.introspection'
INTROSPECTION_SCANNER='/usr/bin/g-ir-scanner'
INTROSPECTION_TYPELIBDIR='/usr/lib64/girepository-1.0'
LD='/usr/bin/ld -m elf_x86_64'
LDFLAGS=''
LIBOBJS=''
LIBS=''
LIBTOOL='$(SHELL) $(top_builddir)/libtool'
LIPO=''
LN_S='ln -s'
LTLIBOBJS=''
MAINT='#'
MAINTAINER_MODE_FALSE=''
MAINTAINER_MODE_TRUE='#'
MAKEINFO='${SHELL} /home/mike/prj/gkiu/missing --run makeinfo'
MANIFEST_TOOL=':'
MKDIR_P='/bin/mkdir -p'
MKINSTALLDIRS='./mkinstalldirs'
MSGFMT='/usr/bin/msgfmt'
MSGFMT_OPTS='-c'
MSGMERGE='/usr/bin/msgmerge'
NM='/usr/bin/nm -B'
NMEDIT=''
OBJDUMP='objdump'
OBJEXT='o'
OTOOL64=''
OTOOL=''
PACKAGE='gkiu'
PACKAGE_BUGREPORT=''
PACKAGE_NAME='gkiu'
PACKAGE_STRING='gkiu 2.9.9'
PACKAGE_TARNAME='gkiu'
PACKAGE_URL=''
PACKAGE_VERSION='2.9.9'
PATH_SEPARATOR=':'
PKG_CONFIG='/usr/bin/pkg-config'
PKG_CONFIG_LIBDIR=''
PKG_CONFIG_PATH=''
POFILES=''
POSUB='po'
PO_IN_DATADIR_FALSE=''
PO_IN_DATADIR_TRUE=''
PYTHON='/usr/bin/python'
PYTHON_EXEC_PREFIX='${exec_prefix}'
PYTHON_PLATFORM='linux2'
PYTHON_PREFIX='${prefix}'
PYTHON_VERSION='2.7'
RANLIB='ranlib'
SED='/bin/sed'
SET_MAKE=''
SHELL='/bin/sh'
STRIP='strip'
USE_NLS='yes'
VERSION='2.9.9'
XGETTEXT='/usr/bin/xgettext'
ac_ct_AR='ar'
ac_ct_CC='gcc'
ac_ct_DUMPBIN=''
am__EXEEXT_FALSE=''
am__EXEEXT_TRUE='#'
am__fastdepCC_FALSE='#'
am__fastdepCC_TRUE=''
am__include='include'
am__isrc=''
am__leading_dot='.'
am__quote=''
am__tar='${AMTAR} chof - "$$tardir"'
am__untar='${AMTAR} xf -'
bindir='${exec_prefix}/bin'
build='x86_64-unknown-linux-gnu'
build_alias=''
build_cpu='x86_64'
build_os='linux-gnu'
build_vendor='unknown'
datadir='${datarootdir}'
datarootdir='${prefix}/share'
docdir='${datarootdir}/doc/${PACKAGE_TARNAME}'
dvidir='${docdir}'
exec_prefix='${prefix}'
host='x86_64-unknown-linux-gnu'
host_alias=''
host_cpu='x86_64'
host_os='linux-gnu'
host_vendor='unknown'
htmldir='${docdir}'
includedir='${prefix}/include'
infodir='${datarootdir}/info'
install_sh='${SHELL} /home/mike/prj/gkiu/install-sh'
libdir='${exec_prefix}/lib'
libexecdir='${exec_prefix}/libexec'
localedir='${datarootdir}/locale'
localstatedir='${prefix}/var'
mandir='${datarootdir}/man'
mkdir_p='/bin/mkdir -p'
oldincludedir='/usr/include'
pdfdir='${docdir}'
pkgpyexecdir='${pyexecdir}/gkiu'
pkgpythondir='${pythondir}/gkiu'
prefix='/usr/local'
program_transform_name='s,x,x,'
psdir='${docdir}'
pyexecdir='${exec_prefix}/lib64/python2.7/site-packages'
pythondir='${prefix}/lib/python2.7/site-packages'
sbindir='${exec_prefix}/sbin'
sharedstatedir='${prefix}/com'
sysconfdir='${prefix}/etc'
target_alias=''

## ----------- ##
## confdefs.h. ##
## ----------- ##

/* confdefs.h */
#define PACKAGE_NAME "gkiu"
#define PACKAGE_TARNAME "gkiu"
#define PACKAGE_VERSION "2.9.9"
#define PACKAGE_STRING "gkiu 2.9.9"
#define PACKAGE_BUGREPORT ""
#define PACKAGE_URL ""
#define PACKAGE "gkiu"
#define VERSION "2.9.9"
#define GETTEXT_PACKAGE "gkiu"
#define STDC_HEADERS 1
#define HAVE_SYS_TYPES_H 1
#define HAVE_SYS_STAT_H 1
#define HAVE_STDLIB_H 1
#define HAVE_STRING_H 1
#define HAVE_MEMORY_H 1
#define HAVE_STRINGS_H 1
#define HAVE_INTTYPES_H 1
#define HAVE_STDINT_H 1
#define HAVE_UNISTD_H 1
#define HAVE_LOCALE_H 1
#define HAVE_LC_MESSAGES 1
#define HAVE_BIND_TEXTDOMAIN_CODESET 1
#define HAVE_GETTEXT 1
#define HAVE_DCGETTEXT 1
#define ENABLE_NLS 1
#define HAVE_DLFCN_H 1
#define LT_OBJDIR ".libs/"

configure: exit 0
